mode: set
github.com/dashgram/go-dashgram/async.go:5.48,6.9 1 1
github.com/dashgram/go-dashgram/async.go:7.26,7.26 0 1
github.com/dashgram/go-dashgram/async.go:9.28,9.28 0 0
github.com/dashgram/go-dashgram/async.go:15.79,26.2 2 1
github.com/dashgram/go-dashgram/async.go:29.94,41.2 2 1
github.com/dashgram/go-dashgram/async.go:43.47,45.2 1 1
github.com/dashgram/go-dashgram/async.go:47.62,49.2 1 1
github.com/dashgram/go-dashgram/dashgram.go:44.72,63.33 3 1
github.com/dashgram/go-dashgram/dashgram.go:63.33,65.3 1 1
github.com/dashgram/go-dashgram/dashgram.go:68.2,73.10 3 1
github.com/dashgram/go-dashgram/dashgram.go:77.28,80.2 2 1
github.com/dashgram/go-dashgram/dashgram.go:83.34,85.12 2 1
github.com/dashgram/go-dashgram/dashgram.go:85.12,87.7 2 1
github.com/dashgram/go-dashgram/dashgram.go:87.7,88.11 1 1
github.com/dashgram/go-dashgram/dashgram.go:89.30,90.50 1 1
github.com/dashgram/go-dashgram/dashgram.go:91.30,92.11 1 1
github.com/dashgram/go-dashgram/dashgram.go:102.39,103.27 1 1
github.com/dashgram/go-dashgram/dashgram.go:103.27,105.3 1 1
github.com/dashgram/go-dashgram/dashgram.go:109.39,110.27 1 1
github.com/dashgram/go-dashgram/dashgram.go:110.27,112.3 1 1
github.com/dashgram/go-dashgram/dashgram.go:116.47,117.27 1 1
github.com/dashgram/go-dashgram/dashgram.go:117.27,119.3 1 1
github.com/dashgram/go-dashgram/dashgram.go:123.28,124.27 1 1
github.com/dashgram/go-dashgram/dashgram.go:124.27,126.3 1 1
github.com/dashgram/go-dashgram/dashgram.go:130.44,131.27 1 1
github.com/dashgram/go-dashgram/dashgram.go:131.27,133.3 1 1
github.com/dashgram/go-dashgram/dashgram.go:137.82,140.17 2 1
github.com/dashgram/go-dashgram/dashgram.go:140.17,142.17 2 1
github.com/dashgram/go-dashgram/dashgram.go:142.17,144.4 1 0
github.com/dashgram/go-dashgram/dashgram.go:145.3,145.35 1 1
github.com/dashgram/go-dashgram/dashgram.go:149.2,150.16 2 1
github.com/dashgram/go-dashgram/dashgram.go:150.16,152.3 1 0
github.com/dashgram/go-dashgram/dashgram.go:155.2,160.16 4 1
github.com/dashgram/go-dashgram/dashgram.go:160.16,162.3 1 1
github.com/dashgram/go-dashgram/dashgram.go:163.2,167.16 3 1
github.com/dashgram/go-dashgram/dashgram.go:167.16,169.3 1 0
github.com/dashgram/go-dashgram/dashgram.go:171.2,171.45 1 1
github.com/dashgram/go-dashgram/dashgram.go:171.45,173.3 1 1
github.com/dashgram/go-dashgram/dashgram.go:175.2,180.60 2 1
github.com/dashgram/go-dashgram/dashgram.go:180.60,182.3 1 1
github.com/dashgram/go-dashgram/dashgram.go:185.2,185.85 1 1
github.com/dashgram/go-dashgram/dashgram.go:185.85,190.3 1 1
github.com/dashgram/go-dashgram/dashgram.go:192.2,192.12 1 1
github.com/dashgram/go-dashgram/errors.go:8.50,10.2 1 1
github.com/dashgram/go-dashgram/errors.go:18.43,20.2 1 1
github.com/dashgram/go-dashgram/sync.go:5.80,6.16 1 1
github.com/dashgram/go-dashgram/sync.go:6.16,9.3 2 1
github.com/dashgram/go-dashgram/sync.go:11.2,16.45 2 1
github.com/dashgram/go-dashgram/sync.go:19.95,20.16 1 1
github.com/dashgram/go-dashgram/sync.go:20.16,23.3 2 1
github.com/dashgram/go-dashgram/sync.go:25.2,31.50 2 1
github.com/dashgram/go-dashgram/sync.go:34.48,36.2 1 1
github.com/dashgram/go-dashgram/sync.go:38.63,40.2 1 1
github.com/dashgram/go-dashgram/test_helpers.go:17.72,19.2 1 1
github.com/dashgram/go-dashgram/test_helpers.go:30.34,35.2 1 1
github.com/dashgram/go-dashgram/test_helpers.go:38.56,40.59 1 1
github.com/dashgram/go-dashgram/test_helpers.go:40.59,49.41 7 1
github.com/dashgram/go-dashgram/test_helpers.go:49.41,51.5 1 1
github.com/dashgram/go-dashgram/test_helpers.go:52.4,52.38 1 1
github.com/dashgram/go-dashgram/test_helpers.go:52.38,54.5 1 1
github.com/dashgram/go-dashgram/test_helpers.go:56.4,56.24 1 1
github.com/dashgram/go-dashgram/test_helpers.go:62.64,67.2 1 1
github.com/dashgram/go-dashgram/test_helpers.go:70.43,72.2 1 1
github.com/dashgram/go-dashgram/test_helpers.go:75.31,81.2 5 1
github.com/dashgram/go-dashgram/test_helpers.go:84.81,86.34 2 1
github.com/dashgram/go-dashgram/test_helpers.go:86.34,90.24 4 1
github.com/dashgram/go-dashgram/test_helpers.go:90.24,92.4 1 1
github.com/dashgram/go-dashgram/test_helpers.go:93.3,93.36 1 1
github.com/dashgram/go-dashgram/test_helpers.go:95.2,95.14 1 0
github.com/dashgram/go-dashgram/test_helpers.go:99.85,101.23 1 1
github.com/dashgram/go-dashgram/test_helpers.go:101.23,103.3 1 0
github.com/dashgram/go-dashgram/test_helpers.go:105.2,105.46 1 1
github.com/dashgram/go-dashgram/test_helpers.go:109.85,111.2 1 0
